# JRE version: OpenJDK Runtime Environment (8.0_121-b13) (build 1.8.0_121-8u121-b13-0ubuntu1.16.04.2-b13)
# Java VM: OpenJDK 64-Bit Server VM (25.121-b13 mixed mode linux-amd64 compressed oops)
Heap:
 PSYoungGen      total 81920K, used 14122K [0x00000000f8000000, 0x00000000fd100000, 0x0000000100000000)
  eden space 80896K, 17% used [0x00000000f8000000,0x00000000f8dcaa38,0x00000000fcf00000)
  from space 1024K, 0% used [0x00000000fcf00000,0x00000000fcf00000,0x00000000fd000000)
  to   space 1024K, 0% used [0x00000000fd000000,0x00000000fd000000,0x00000000fd100000)
 ParOldGen       total 55296K, used 28140K [0x00000000e8000000, 0x00000000eb600000, 0x00000000f8000000)
  object space 55296K, 50% used [0x00000000e8000000,0x00000000e9b7b260,0x00000000eb600000)
 Metaspace       used 66496K, capacity 69936K, committed 70192K, reserved 1112064K
  class space    used 6963K, capacity 7953K, committed 7984K, reserved 1048576K
GC Heap History (10 events):
Event: 6966.737 GC heap before
{Heap before GC invocations=254 (full 115):
 PSYoungGen      total 81920K, used 64K [0x00000000f8000000, 0x00000000fd100000, 0x0000000100000000)
  eden space 80896K, 0% used [0x00000000f8000000,0x00000000f8000000,0x00000000fcf00000)
  from space 1024K, 6% used [0x00000000fcf00000,0x00000000fcf10000,0x00000000fd000000)
  to   space 1024K, 0% used [0x00000000fd000000,0x00000000fd000000,0x00000000fd100000)
 ParOldGen       total 55296K, used 28261K [0x00000000e8000000, 0x00000000eb600000, 0x00000000f8000000)
  object space 55296K, 51% used [0x00000000e8000000,0x00000000e9b997b8,0x00000000eb600000)
 Metaspace       used 66416K, capacity 69840K, committed 70192K, reserved 1112064K
  class space    used 6954K, capacity 7921K, committed 7984K, reserved 1048576K
Event: 6966.812 GC heap after
Heap after GC invocations=254 (full 115):
 PSYoungGen      total 81920K, used 0K [0x00000000f8000000, 0x00000000fd100000, 0x0000000100000000)
  eden space 80896K, 0% used [0x00000000f8000000,0x00000000f8000000,0x00000000fcf00000)
  from space 1024K, 0% used [0x00000000fcf00000,0x00000000fcf00000,0x00000000fd000000)
  to   space 1024K, 0% used [0x00000000fd000000,0x00000000fd000000,0x00000000fd100000)
 ParOldGen       total 55296K, used 28153K [0x00000000e8000000, 0x00000000eb600000, 0x00000000f8000000)
  object space 55296K, 50% used [0x00000000e8000000,0x00000000e9b7e588,0x00000000eb600000)
 Metaspace       used 66416K, capacity 69840K, committed 70192K, reserved 1112064K
  class space    used 6954K, capacity 7921K, committed 7984K, reserved 1048576K
}
Event: 7026.737 GC heap before
{Heap before GC invocations=255 (full 115):
 PSYoungGen      total 81920K, used 10115K [0x00000000f8000000, 0x00000000fd100000, 0x0000000100000000)
  eden space 80896K, 12% used [0x00000000f8000000,0x00000000f89e0e80,0x00000000fcf00000)
  from space 1024K, 0% used [0x00000000fcf00000,0x00000000fcf00000,0x00000000fd000000)
  to   space 1024K, 0% used [0x00000000fd000000,0x00000000fd000000,0x00000000fd100000)
 ParOldGen       total 55296K, used 28153K [0x00000000e8000000, 0x00000000eb600000, 0x00000000f8000000)
  object space 55296K, 50% used [0x00000000e8000000,0x00000000e9b7e588,0x00000000eb600000)
 Metaspace       used 66440K, capacity 69904K, committed 70192K, reserved 1112064K
  class space    used 6954K, capacity 7921K, committed 7984K, reserved 1048576K
Event: 7026.739 GC heap after
Heap after GC invocations=255 (full 115):
 PSYoungGen      total 81920K, used 160K [0x00000000f8000000, 0x00000000fd100000, 0x0000000100000000)
  eden space 80896K, 0% used [0x00000000f8000000,0x00000000f8000000,0x00000000fcf00000)
  from space 1024K, 15% used [0x00000000fd000000,0x00000000fd028000,0x00000000fd100000)
  to   space 1024K, 0% used [0x00000000fcf00000,0x00000000fcf00000,0x00000000fd000000)
 ParOldGen       total 55296K, used 28153K [0x00000000e8000000, 0x00000000eb600000, 0x00000000f8000000)
  object space 55296K, 50% used [0x00000000e8000000,0x00000000e9b7e588,0x00000000eb600000)
 Metaspace       used 66440K, capacity 69904K, committed 70192K, reserved 1112064K
  class space    used 6954K, capacity 7921K, committed 7984K, reserved 1048576K
}
Event: 7026.740 GC heap before
{Heap before GC invocations=256 (full 116):
 PSYoungGen      total 81920K, used 160K [0x00000000f8000000, 0x00000000fd100000, 0x0000000100000000)
  eden space 80896K, 0% used [0x00000000f8000000,0x00000000f8000000,0x00000000fcf00000)
  from space 1024K, 15% used [0x00000000fd000000,0x00000000fd028000,0x00000000fd100000)
  to   space 1024K, 0% used [0x00000000fcf00000,0x00000000fcf00000,0x00000000fd000000)
 ParOldGen       total 55296K, used 28153K [0x00000000e8000000, 0x00000000eb600000, 0x00000000f8000000)
  object space 55296K, 50% used [0x00000000e8000000,0x00000000e9b7e588,0x00000000eb600000)
 Metaspace       used 66440K, capacity 69904K, committed 70192K, reserved 1112064K
  class space    used 6954K, capacity 7921K, committed 7984K, reserved 1048576K
Event: 7026.820 GC heap after
Heap after GC invocations=256 (full 116):
 PSYoungGen      total 81920K, used 0K [0x00000000f8000000, 0x00000000fd100000, 0x0000000100000000)
  eden space 80896K, 0% used [0x00000000f8000000,0x00000000f8000000,0x00000000fcf00000)
  from space 1024K, 0% used [0x00000000fd000000,0x00000000fd000000,0x00000000fd100000)
  to   space 1024K, 0% used [0x00000000fcf00000,0x00000000fcf00000,0x00000000fd000000)
 ParOldGen       total 55296K, used 28174K [0x00000000e8000000, 0x00000000eb600000, 0x00000000f8000000)
  object space 55296K, 50% used [0x00000000e8000000,0x00000000e9b83910,0x00000000eb600000)
 Metaspace       used 66440K, capacity 69904K, committed 70192K, reserved 1112064K
  class space    used 6954K, capacity 7921K, committed 7984K, reserved 1048576K
}
Event: 7086.738 GC heap before
{Heap before GC invocations=257 (full 116):
 PSYoungGen      total 81920K, used 636K [0x00000000f8000000, 0x00000000fd100000, 0x0000000100000000)
  eden space 80896K, 0% used [0x00000000f8000000,0x00000000f809f380,0x00000000fcf00000)
  from space 1024K, 0% used [0x00000000fd000000,0x00000000fd000000,0x00000000fd100000)
  to   space 1024K, 0% used [0x00000000fcf00000,0x00000000fcf00000,0x00000000fd000000)
 ParOldGen       total 55296K, used 28174K [0x00000000e8000000, 0x00000000eb600000, 0x00000000f8000000)
  object space 55296K, 50% used [0x00000000e8000000,0x00000000e9b83910,0x00000000eb600000)
 Metaspace       used 66440K, capacity 69904K, committed 70192K, reserved 1112064K
  class space    used 6954K, capacity 7921K, committed 7984K, reserved 1048576K
Event: 7086.741 GC heap after
Heap after GC invocations=257 (full 116):
 PSYoungGen      total 81920K, used 32K [0x00000000f8000000, 0x00000000fd100000, 0x0000000100000000)
  eden space 80896K, 0% used [0x00000000f8000000,0x00000000f8000000,0x00000000fcf00000)
  from space 1024K, 3% used [0x00000000fcf00000,0x00000000fcf08000,0x00000000fd000000)
  to   space 1024K, 0% used [0x00000000fd000000,0x00000000fd000000,0x00000000fd100000)
 ParOldGen       total 55296K, used 28174K [0x00000000e8000000, 0x00000000eb600000, 0x00000000f8000000)
  object space 55296K, 50% used [0x00000000e8000000,0x00000000e9b83910,0x00000000eb600000)
 Metaspace       used 66440K, capacity 69904K, committed 70192K, reserved 1112064K
  class space    used 6954K, capacity 7921K, committed 7984K, reserved 1048576K
}
Event: 7086.741 GC heap before
{Heap before GC invocations=258 (full 117):
 PSYoungGen      total 81920K, used 32K [0x00000000f8000000, 0x00000000fd100000, 0x0000000100000000)
  eden space 80896K, 0% used [0x00000000f8000000,0x00000000f8000000,0x00000000fcf00000)
  from space 1024K, 3% used [0x00000000fcf00000,0x00000000fcf08000,0x00000000fd000000)
  to   space 1024K, 0% used [0x00000000fd000000,0x00000000fd000000,0x00000000fd100000)
 ParOldGen       total 55296K, used 28174K [0x00000000e8000000, 0x00000000eb600000, 0x00000000f8000000)
  object space 55296K, 50% used [0x00000000e8000000,0x00000000e9b83910,0x00000000eb600000)
 Metaspace       used 66440K, capacity 69904K, committed 70192K, reserved 1112064K
  class space    used 6954K, capacity 7921K, committed 7984K, reserved 1048576K
Event: 7086.825 GC heap after
Heap after GC invocations=258 (full 117):
 PSYoungGen      total 81920K, used 0K [0x00000000f8000000, 0x00000000fd100000, 0x0000000100000000)
  eden space 80896K, 0% used [0x00000000f8000000,0x00000000f8000000,0x00000000fcf00000)
  from space 1024K, 0% used [0x00000000fcf00000,0x00000000fcf00000,0x00000000fd000000)
  to   space 1024K, 0% used [0x00000000fd000000,0x00000000fd000000,0x00000000fd100000)
 ParOldGen       total 55296K, used 28140K [0x00000000e8000000, 0x00000000eb600000, 0x00000000f8000000)
  object space 55296K, 50% used [0x00000000e8000000,0x00000000e9b7b260,0x00000000eb600000)
 Metaspace       used 66440K, capacity 69904K, committed 70192K, reserved 1112064K
  class space    used 6954K, capacity 7921K, committed 7984K, reserved 1048576K
}

