# JRE version: OpenJDK Runtime Environment (8.0_121-b13) (build 1.8.0_121-8u121-b13-0ubuntu1.16.04.2-b13)
# Java VM: OpenJDK 64-Bit Server VM (25.121-b13 mixed mode linux-amd64 compressed oops)
Heap:
 PSYoungGen      total 59392K, used 3111K [0x00000000f8000000, 0x00000000fd580000, 0x0000000100000000)
  eden space 58880K, 5% used [0x00000000f8000000,0x00000000f8309d58,0x00000000fb980000)
  from space 512K, 0% used [0x00000000fb980000,0x00000000fb980000,0x00000000fba00000)
  to   space 14336K, 0% used [0x00000000fc780000,0x00000000fc780000,0x00000000fd580000)
 ParOldGen       total 45056K, used 19298K [0x00000000e8000000, 0x00000000eac00000, 0x00000000f8000000)
  object space 45056K, 42% used [0x00000000e8000000,0x00000000e92d89e8,0x00000000eac00000)
 Metaspace       used 52295K, capacity 55522K, committed 55848K, reserved 1097728K
  class space    used 5734K, capacity 6606K, committed 6704K, reserved 1048576K
GC Heap History (10 events):
Event: 541.212 GC heap before
{Heap before GC invocations=27 (full 10):
 PSYoungGen      total 59392K, used 288K [0x00000000f8000000, 0x00000000fd680000, 0x0000000100000000)
  eden space 58880K, 0% used [0x00000000f8000000,0x00000000f8000000,0x00000000fb980000)
  from space 512K, 56% used [0x00000000fb980000,0x00000000fb9c8000,0x00000000fba00000)
  to   space 14848K, 0% used [0x00000000fc800000,0x00000000fc800000,0x00000000fd680000)
 ParOldGen       total 45056K, used 20291K [0x00000000e8000000, 0x00000000eac00000, 0x00000000f8000000)
  object space 45056K, 45% used [0x00000000e8000000,0x00000000e93d0cd8,0x00000000eac00000)
 Metaspace       used 51747K, capacity 54926K, committed 54952K, reserved 1097728K
  class space    used 5691K, capacity 6576K, committed 6576K, reserved 1048576K
Event: 541.327 GC heap after
Heap after GC invocations=27 (full 10):
 PSYoungGen      total 59392K, used 0K [0x00000000f8000000, 0x00000000fd680000, 0x0000000100000000)
  eden space 58880K, 0% used [0x00000000f8000000,0x00000000f8000000,0x00000000fb980000)
  from space 512K, 0% used [0x00000000fb980000,0x00000000fb980000,0x00000000fba00000)
  to   space 14848K, 0% used [0x00000000fc800000,0x00000000fc800000,0x00000000fd680000)
 ParOldGen       total 45056K, used 20333K [0x00000000e8000000, 0x00000000eac00000, 0x00000000f8000000)
  object space 45056K, 45% used [0x00000000e8000000,0x00000000e93db7b8,0x00000000eac00000)
 Metaspace       used 51747K, capacity 54926K, committed 54952K, reserved 1097728K
  class space    used 5691K, capacity 6576K, committed 6576K, reserved 1048576K
}
Event: 617.976 GC heap before
{Heap before GC invocations=28 (full 10):
 PSYoungGen      total 59392K, used 22893K [0x00000000f8000000, 0x00000000fd680000, 0x0000000100000000)
  eden space 58880K, 38% used [0x00000000f8000000,0x00000000f965b7f8,0x00000000fb980000)
  from space 512K, 0% used [0x00000000fb980000,0x00000000fb980000,0x00000000fba00000)
  to   space 14848K, 0% used [0x00000000fc800000,0x00000000fc800000,0x00000000fd680000)
 ParOldGen       total 45056K, used 20333K [0x00000000e8000000, 0x00000000eac00000, 0x00000000f8000000)
  object space 45056K, 45% used [0x00000000e8000000,0x00000000e93db7b8,0x00000000eac00000)
 Metaspace       used 51914K, capacity 54996K, committed 55336K, reserved 1097728K
  class space    used 5691K, capacity 6577K, committed 6704K, reserved 1048576K
Event: 617.978 GC heap after
Heap after GC invocations=28 (full 10):
 PSYoungGen      total 73728K, used 288K [0x00000000f8000000, 0x00000000fd680000, 0x0000000100000000)
  eden space 58880K, 0% used [0x00000000f8000000,0x00000000f8000000,0x00000000fb980000)
  from space 14848K, 1% used [0x00000000fc800000,0x00000000fc848000,0x00000000fd680000)
  to   space 14848K, 0% used [0x00000000fb980000,0x00000000fb980000,0x00000000fc800000)
 ParOldGen       total 45056K, used 20341K [0x00000000e8000000, 0x00000000eac00000, 0x00000000f8000000)
  object space 45056K, 45% used [0x00000000e8000000,0x00000000e93dd7b8,0x00000000eac00000)
 Metaspace       used 51914K, capacity 54996K, committed 55336K, reserved 1097728K
  class space    used 5691K, capacity 6577K, committed 6704K, reserved 1048576K
}
Event: 617.978 GC heap before
{Heap before GC invocations=29 (full 11):
 PSYoungGen      total 73728K, used 288K [0x00000000f8000000, 0x00000000fd680000, 0x0000000100000000)
  eden space 58880K, 0% used [0x00000000f8000000,0x00000000f8000000,0x00000000fb980000)
  from space 14848K, 1% used [0x00000000fc800000,0x00000000fc848000,0x00000000fd680000)
  to   space 14848K, 0% used [0x00000000fb980000,0x00000000fb980000,0x00000000fc800000)
 ParOldGen       total 45056K, used 20341K [0x00000000e8000000, 0x00000000eac00000, 0x00000000f8000000)
  object space 45056K, 45% used [0x00000000e8000000,0x00000000e93dd7b8,0x00000000eac00000)
 Metaspace       used 51914K, capacity 54996K, committed 55336K, reserved 1097728K
  class space    used 5691K, capacity 6577K, committed 6704K, reserved 1048576K
Event: 618.135 GC heap after
Heap after GC invocations=29 (full 11):
 PSYoungGen      total 73728K, used 0K [0x00000000f8000000, 0x00000000fd680000, 0x0000000100000000)
  eden space 58880K, 0% used [0x00000000f8000000,0x00000000f8000000,0x00000000fb980000)
  from space 14848K, 0% used [0x00000000fc800000,0x00000000fc800000,0x00000000fd680000)
  to   space 14848K, 0% used [0x00000000fb980000,0x00000000fb980000,0x00000000fc800000)
 ParOldGen       total 45056K, used 19311K [0x00000000e8000000, 0x00000000eac00000, 0x00000000f8000000)
  object space 45056K, 42% used [0x00000000e8000000,0x00000000e92dbd30,0x00000000eac00000)
 Metaspace       used 51905K, capacity 54978K, committed 55336K, reserved 1097728K
  class space    used 5690K, capacity 6574K, committed 6704K, reserved 1048576K
}
Event: 677.977 GC heap before
{Heap before GC invocations=30 (full 11):
 PSYoungGen      total 73728K, used 8449K [0x00000000f8000000, 0x00000000fd680000, 0x0000000100000000)
  eden space 58880K, 14% used [0x00000000f8000000,0x00000000f8840760,0x00000000fb980000)
  from space 14848K, 0% used [0x00000000fc800000,0x00000000fc800000,0x00000000fd680000)
  to   space 14848K, 0% used [0x00000000fb980000,0x00000000fb980000,0x00000000fc800000)
 ParOldGen       total 45056K, used 19311K [0x00000000e8000000, 0x00000000eac00000, 0x00000000f8000000)
  object space 45056K, 42% used [0x00000000e8000000,0x00000000e92dbd30,0x00000000eac00000)
 Metaspace       used 51985K, capacity 55042K, committed 55336K, reserved 1097728K
  class space    used 5690K, capacity 6574K, committed 6704K, reserved 1048576K
Event: 677.980 GC heap after
Heap after GC invocations=30 (full 11):
 PSYoungGen      total 59392K, used 224K [0x00000000f8000000, 0x00000000fd580000, 0x0000000100000000)
  eden space 58880K, 0% used [0x00000000f8000000,0x00000000f8000000,0x00000000fb980000)
  from space 512K, 43% used [0x00000000fb980000,0x00000000fb9b8000,0x00000000fba00000)
  to   space 14336K, 0% used [0x00000000fc780000,0x00000000fc780000,0x00000000fd580000)
 ParOldGen       total 45056K, used 19319K [0x00000000e8000000, 0x00000000eac00000, 0x00000000f8000000)
  object space 45056K, 42% used [0x00000000e8000000,0x00000000e92ddd30,0x00000000eac00000)
 Metaspace       used 51985K, capacity 55042K, committed 55336K, reserved 1097728K
  class space    used 5690K, capacity 6574K, committed 6704K, reserved 1048576K
}
Event: 677.980 GC heap before
{Heap before GC invocations=31 (full 12):
 PSYoungGen      total 59392K, used 224K [0x00000000f8000000, 0x00000000fd580000, 0x0000000100000000)
  eden space 58880K, 0% used [0x00000000f8000000,0x00000000f8000000,0x00000000fb980000)
  from space 512K, 43% used [0x00000000fb980000,0x00000000fb9b8000,0x00000000fba00000)
  to   space 14336K, 0% used [0x00000000fc780000,0x00000000fc780000,0x00000000fd580000)
 ParOldGen       total 45056K, used 19319K [0x00000000e8000000, 0x00000000eac00000, 0x00000000f8000000)
  object space 45056K, 42% used [0x00000000e8000000,0x00000000e92ddd30,0x00000000eac00000)
 Metaspace       used 51985K, capacity 55042K, committed 55336K, reserved 1097728K
  class space    used 5690K, capacity 6574K, committed 6704K, reserved 1048576K
Event: 678.129 GC heap after
Heap after GC invocations=31 (full 12):
 PSYoungGen      total 59392K, used 0K [0x00000000f8000000, 0x00000000fd580000, 0x0000000100000000)
  eden space 58880K, 0% used [0x00000000f8000000,0x00000000f8000000,0x00000000fb980000)
  from space 512K, 0% used [0x00000000fb980000,0x00000000fb980000,0x00000000fba00000)
  to   space 14336K, 0% used [0x00000000fc780000,0x00000000fc780000,0x00000000fd580000)
 ParOldGen       total 45056K, used 19298K [0x00000000e8000000, 0x00000000eac00000, 0x00000000f8000000)
  object space 45056K, 42% used [0x00000000e8000000,0x00000000e92d89e8,0x00000000eac00000)
 Metaspace       used 51985K, capacity 55042K, committed 55336K, reserved 1097728K
  class space    used 5690K, capacity 6574K, committed 6704K, reserved 1048576K
}

